Arguments: 
  C:\Program Files\nodejs\node.exe C:\Users\lukes\AppData\Roaming\npm\node_modules\yarn\bin\yarn.js add --dev gatsby-plugin-favicons

PATH: 
  C:\ProgramData\Oracle\Java\javapath;C:\Python310\Scripts\;C:\Python310\;C:\WINDOWS\system32;C:\WINDOWS;C:\WINDOWS\System32\Wbem;C:\WINDOWS\System32\WindowsPowerShell\v1.0\;C:\WINDOWS\System32\OpenSSH\;C:\Program Files\Git\cmd;C:\Program Files\nodejs\;C:\ProgramData\chocolatey\bin;C:\Program Files\PuTTY\;C:\Program Files\Docker\Docker\resources\bin;C:\ProgramData\DockerDesktop\version-bin;C:\xampp\php;C:\ProgramData\ComposerSetup\bin;C:\Program Files\dotnet\;C:\Program Files\Calibre2\;C:\Users\lukes\AppData\Local\Microsoft\WindowsApps;C:\Users\lukes\AppData\Roaming\npm;C:\Users\lukes\AppData\Local\Programs\Microsoft VS Code\bin;C:\Users\lukes\AppData\Roaming\Composer\vendor\bin

Yarn version: 
  1.22.19

Node version: 
  16.16.0

Platform: 
  win32 x64

Trace: 
  Error: EPERM: operation not permitted, unlink 'C:\Users\lukes\Documents\Bulldog Projects\The Grill\thegrillonthird\node_modules\@lmdb\lmdb-win32-x64\node.abi93.node'

npm manifest: 
  {
    "name": "the-grill-on-third",
    "version": "1.0.0",
    "private": true,
    "description": "the-grill-on-third",
    "author": "lshort",
    "keywords": [
      "gatsby"
    ],
    "scripts": {
      "develop": "gatsby develop",
      "start": "gatsby develop",
      "build": "gatsby build",
      "serve": "gatsby serve",
      "clean": "gatsby clean"
    },
    "dependencies": {
      "framer-motion": "^7.5.2",
      "gatsby": "^4.24.0",
      "gatsby-plugin-google-analytics": "^4.24.0",
      "gatsby-plugin-image": "^2.24.0",
      "gatsby-plugin-manifest": "^4.24.0",
      "gatsby-plugin-sharp": "^4.24.0",
      "gatsby-source-wordpress": "^6.24.0",
      "gatsby-transformer-sharp": "^4.24.0",
      "jquery": "^3.6.1",
      "localtunnel": "^2.0.2",
      "react": "^18.1.0",
      "react-device-detect": "^2.2.2",
      "react-dom": "^18.1.0",
      "scroll-snap": "^4.0.3",
      "yarn": "^1.22.19"
    }
  }

yarn manifest: 
  No manifest

Lockfile: 
  No lockfile
